<?xml version="1.0" encoding="UTF-8"?>
<!-- Generated by org.testng.reporters.JUnitReportReporter -->
<testsuite skipped="0" hostname="admin-PC" name="com.qa_testcases.LoginPageTest" tests="1" failures="0" timestamp="22 Jun 2019 20:02:53 GMT" time="9.183" errors="0">
  <testcase name="Login" time="9.183" classname="com.qa_testcases.LoginPageTest"/>
</testsuite> <!-- com.qa_testcases.LoginPageTest -->
