<?xml version="1.0" encoding="UTF-8"?>
<!-- Generated by org.testng.reporters.JUnitReportReporter -->
<testsuite skipped="0" hostname="admin-PC" name="com.qa_Testbase.TestBase" tests="1" failures="0" timestamp="22 Jun 2019 15:17:45 GMT" time="0.052" errors="0">
  <testcase name="setup" time="0.052" classname="com.qa_Testbase.TestBase"/>
</testsuite> <!-- com.qa_Testbase.TestBase -->
