<?xml version="1.0" encoding="UTF-8"?>
<!-- Generated by org.testng.reporters.JUnitReportReporter -->
<testsuite skipped="0" hostname="admin-PC" name="com.qa_testcases.HomePageTest" tests="1" failures="0" timestamp="22 Jun 2019 20:02:53 GMT" time="9.784" errors="0">
  <testcase name="verifyClickonContactlink" time="9.784" classname="com.qa_testcases.HomePageTest"/>
</testsuite> <!-- com.qa_testcases.HomePageTest -->
